[2026-06-02T05:17:25.234Z] GET http://localhost:8799/ → 200 (15ms, 11240B)
[2026-06-02T05:17:25.254Z] GET https://fonts.googleapis.com/css2?family=Fraunces:opsz,wght@9..144,500;9..144,600&family=Inter:wght@400;500;600&family=JetBrains+Mono:wght@400;500&display=swap → 200 (183ms, 1495B)
[2026-06-02T05:17:25.505Z] GET https://fonts.gstatic.com/s/inter/v20/UcC73FwrK3iLTeHuS_nVMrMxCp50SjIa1ZL7W0Q5nw.woff2 → 200 (184ms, 48983B)
[2026-06-02T05:17:25.505Z] GET https://fonts.gstatic.com/s/fraunces/v38/6NU78FyLNQOQZAnv9bYEvDiIdE9Ea92uemAk_WBq8U_9v0c2Wa0KxC9TeP2Xz5c.woff2 → 200 (233ms, 67543B)
[2026-06-02T05:17:25.505Z] GET https://fonts.gstatic.com/s/jetbrainsmono/v24/tDbv2o-flEEny0FZhsfKu5WU4zr3E_BX0PnT8RD8yKwBNntkaToggR7BYRbKPxDcwgknk-4.woff2 → 200 (215ms, 31466B)
[2026-06-02T05:18:00.791Z] GET http://localhost:8799/ → 200 (6ms, 11240B)
[2026-06-02T05:18:00.801Z] GET https://fonts.googleapis.com/css2?family=Fraunces:opsz,wght@9..144,500;9..144,600&family=Inter:wght@400;500;600&family=JetBrains+Mono:wght@400;500&display=swap → 200 (1ms, -743B)
[2026-06-02T05:18:00.806Z] GET https://fonts.gstatic.com/s/fraunces/v38/6NU78FyLNQOQZAnv9bYEvDiIdE9Ea92uemAk_WBq8U_9v0c2Wa0KxC9TeP2Xz5c.woff2 → 200 (1ms, -815B)
[2026-06-02T05:18:00.807Z] GET https://fonts.gstatic.com/s/inter/v20/UcC73FwrK3iLTeHuS_nVMrMxCp50SjIa1ZL7W0Q5nw.woff2 → 200 (?ms, -815B)
[2026-06-02T05:18:00.807Z] GET https://fonts.gstatic.com/s/jetbrainsmono/v24/tDbv2o-flEEny0FZhsfKu5WU4zr3E_BX0PnT8RD8yKwBNntkaToggR7BYRbKPxDcwgknk-4.woff2 → 200 (1ms, -814B)
[2026-06-02T05:18:01.670Z] POST http://localhost:8799/api/grade → 200 (402ms, 4117B)
[2026-06-02T05:30:42.515Z] GET https://aadityasp.github.io/restaurant-growth-grader/ → 200 (95ms, 6992B)
[2026-06-02T05:30:42.618Z] GET https://fonts.googleapis.com/css2?family=Fraunces:opsz,wght@9..144,500;9..144,600&family=Inter:wght@400;500;600&family=JetBrains+Mono:wght@400;500&display=swap → 200 (?ms, -698B)
[2026-06-02T05:30:42.626Z] GET https://fonts.gstatic.com/s/inter/v20/UcC73FwrK3iLTeHuS_nVMrMxCp50SjIa1ZL7W0Q5nw.woff2 → 200 (10ms, -815B)
[2026-06-02T05:30:42.626Z] GET https://fonts.gstatic.com/s/fraunces/v38/6NU78FyLNQOQZAnv9bYEvDiIdE9Ea92uemAk_WBq8U_9v0c2Wa0KxC9TeP2Xz5c.woff2 → 200 (11ms, -815B)
[2026-06-02T05:30:42.626Z] GET https://fonts.gstatic.com/s/jetbrainsmono/v24/tDbv2o-flEEny0FZhsfKu5WU4zr3E_BX0PnT8RD8yKwBNntkaToggR7BYRbKPxDcwgknk-4.woff2 → 200 (12ms, -814B)
[2026-06-02T05:31:47.301Z] GET https://aadityasp.github.io/restaurant-growth-grader/ → 200 (1ms, -676B)
[2026-06-02T05:31:47.306Z] GET https://fonts.googleapis.com/css2?family=Fraunces:opsz,wght@9..144,500;9..144,600&family=Inter:wght@400;500;600&family=JetBrains+Mono:wght@400;500&display=swap → 200 (?ms, -698B)
[2026-06-02T05:31:47.308Z] GET https://fonts.gstatic.com/s/fraunces/v38/6NU78FyLNQOQZAnv9bYEvDiIdE9Ea92uemAk_WBq8U_9v0c2Wa0KxC9TeP2Xz5c.woff2 → 200 (?ms, -815B)
[2026-06-02T05:31:47.308Z] GET https://fonts.gstatic.com/s/inter/v20/UcC73FwrK3iLTeHuS_nVMrMxCp50SjIa1ZL7W0Q5nw.woff2 → 200 (?ms, -815B)
[2026-06-02T05:31:47.312Z] GET https://fonts.gstatic.com/s/jetbrainsmono/v24/tDbv2o-flEEny0FZhsfKu5WU4zr3E_BX0PnT8RD8yKwBNntkaToggR7BYRbKPxDcwgknk-4.woff2 → 200 (?ms, -814B)
[2026-06-02T05:31:48.048Z] GET https://r.jina.ai/https://joespizzanyc.com → pending (?ms, ?B)
[2026-06-02T05:32:18.508Z] GET https://aadityasp.github.io/restaurant-growth-grader/ → 200 (1ms, -676B)
[2026-06-02T05:32:18.514Z] GET https://fonts.googleapis.com/css2?family=Fraunces:opsz,wght@9..144,500;9..144,600&family=Inter:wght@400;500;600&family=JetBrains+Mono:wght@400;500&display=swap → 200 (?ms, -698B)
[2026-06-02T05:32:18.522Z] GET https://fonts.gstatic.com/s/fraunces/v38/6NU78FyLNQOQZAnv9bYEvDiIdE9Ea92uemAk_WBq8U_9v0c2Wa0KxC9TeP2Xz5c.woff2 → 200 (?ms, -815B)
[2026-06-02T05:32:18.522Z] GET https://fonts.gstatic.com/s/inter/v20/UcC73FwrK3iLTeHuS_nVMrMxCp50SjIa1ZL7W0Q5nw.woff2 → 200 (?ms, -815B)
[2026-06-02T05:32:18.522Z] GET https://fonts.gstatic.com/s/jetbrainsmono/v24/tDbv2o-flEEny0FZhsfKu5WU4zr3E_BX0PnT8RD8yKwBNntkaToggR7BYRbKPxDcwgknk-4.woff2 → 200 (?ms, -814B)
[2026-06-02T05:32:19.286Z] GET https://r.jina.ai/https://joespizzanyc.com → pending (?ms, ?B)
